
    ---  CREATED BY DAMSEL     5.0 (r10584) ---
    ------------------------------------------
      CROSS-CORRELATION nsd TABLE BY SUPCOMB  
    ------------------------------------------

Input files:
    1  BSA.pdb
    2  ../BSA/SASDA32_fit1_model1.pdb

SASRES resolution computation:  

   Ensemble Resolution =   276 +- 19 Angstrom
   If you use SASRES resolution estimate in your own publication, 
please cite: A.T. Tuukkanen, G.J. Kleywegt and D.I. Svergun (2016) Resolution of 
ab initio shapes determined from small-angle scattering IUCrJ 3, 440-447.

  File Aver      1      2
     1   1.07   0.00   1.07
     2   1.07   1.07   0.00
  Aver   1.07   1.07   1.07

Mean value of NSD         :      1.067
Standard deviation of NSD :      0.000

It is recommend to discard files with nsd > Mean + 2*Standard deviation
 Recommendation       NSD  File
        Include     1.067  BSA.pdb
        Include     1.067  ../BSA/SASDA32_fit1_model1.pdb
