

*******************************************************************************
Wed May 15 09:38:00 2019


FIT:    data read from "background.rad" u 1:2:3
        format = x:z:s
        #datapoints = 5
function used for fitting: f(x)
	f(x)=a
fitted parameters initialized with current variable values

iter      chisq       delta/lim  lambda   a            
   0 2.0102560851e+09   0.00e+00  2.01e+04    1.000000e+00
   4 2.5695381161e+00  -3.46e-03  2.01e+00    8.735570e-05

After 4 iterations the fit converged.
final sum of squares of residuals : 2.56954
rel. change during last iteration : -3.46307e-08

degrees of freedom    (FIT_NDF)                        : 4
rms of residuals      (FIT_STDFIT) = sqrt(WSSR/ndf)    : 0.801489
variance of residuals (reduced chisquare) = WSSR/ndf   : 0.642385
p-value of the Chisq distribution (FIT_P)              : 0.632229

Final set of parameters            Asymptotic Standard Error
=======================            ==========================
a               = 8.73557e-05      +/- 1.787e-05    (20.46%)
