\BOOKMARK [0][-]{chapter.1}{\376\377\0001\000\040\000D\000r\000a\000w\000i\000n\000g\000\040\000S\000h\000a\000p\000e\000s}{}% 1
\BOOKMARK [0][-]{chapter.2}{\376\377\0002\000\040\000R\000E\000A\000D\000M\000E}{}% 2
\BOOKMARK [0][-]{chapter.3}{\376\377\0003\000\040\000H\000o\000w\000\040\000t\000o\000\040\000d\000r\000a\000w\000\040\000r\000e\000c\000t\000a\000n\000g\000l\000e\000?}{}% 3
\BOOKMARK [0][-]{chapter.4}{\376\377\0004\000\040\000H\000o\000w\000\040\000t\000o\000\040\000d\000r\000a\000w\000\040\000c\000i\000r\000c\000l\000e\000?}{}% 4
\BOOKMARK [0][-]{chapter.5}{\376\377\0005\000\040\000H\000i\000e\000r\000a\000r\000c\000h\000i\000c\000a\000l\000\040\000I\000n\000d\000e\000x}{}% 5
\BOOKMARK [1][-]{section.5.1}{\376\377\0005\000.\0001\000\040\000C\000l\000a\000s\000s\000\040\000H\000i\000e\000r\000a\000r\000c\000h\000y}{chapter.5}% 6
\BOOKMARK [0][-]{chapter.6}{\376\377\0006\000\040\000C\000l\000a\000s\000s\000\040\000I\000n\000d\000e\000x}{}% 7
\BOOKMARK [1][-]{section.6.1}{\376\377\0006\000.\0001\000\040\000C\000l\000a\000s\000s\000\040\000L\000i\000s\000t}{chapter.6}% 8
\BOOKMARK [0][-]{chapter.7}{\376\377\0007\000\040\000C\000l\000a\000s\000s\000\040\000D\000o\000c\000u\000m\000e\000n\000t\000a\000t\000i\000o\000n}{}% 9
\BOOKMARK [1][-]{section.7.1}{\376\377\0007\000.\0001\000\040\000A\000r\000r\000a\000y\0002\000D\000<\000\040\000T\000,\000\040\000W\000,\000\040\000H\000\040\000>\000\040\000C\000l\000a\000s\000s\000\040\000T\000e\000m\000p\000l\000a\000t\000e\000\040\000R\000e\000f\000e\000r\000e\000n\000c\000e}{chapter.7}% 10
\BOOKMARK [1][-]{section.7.2}{\376\377\0007\000.\0002\000\040\000A\000r\000r\000a\000y\0003\000D\000<\000\040\000T\000,\000\040\000W\000,\000\040\000H\000,\000\040\000D\000\040\000>\000\040\000C\000l\000a\000s\000s\000\040\000T\000e\000m\000p\000l\000a\000t\000e\000\040\000R\000e\000f\000e\000r\000e\000n\000c\000e}{chapter.7}% 11
\BOOKMARK [1][-]{section.7.3}{\376\377\0007\000.\0003\000\040\000B\000e\000a\000d\000\040\000C\000l\000a\000s\000s\000\040\000R\000e\000f\000e\000r\000e\000n\000c\000e}{chapter.7}% 12
\BOOKMARK [1][-]{section.7.4}{\376\377\0007\000.\0004\000\040\000B\000e\000a\000d\000M\000o\000d\000e\000l\000i\000n\000g\000\040\000C\000l\000a\000s\000s\000\040\000R\000e\000f\000e\000r\000e\000n\000c\000e}{chapter.7}% 13
\BOOKMARK [2][-]{subsection.7.4.1}{\376\377\0007\000.\0004\000.\0001\000\040\000M\000e\000m\000b\000e\000r\000\040\000F\000u\000n\000c\000t\000i\000o\000n\000\040\000D\000o\000c\000u\000m\000e\000n\000t\000a\000t\000i\000o\000n}{section.7.4}% 14
\BOOKMARK [3][-]{subsubsection.7.4.1.1}{\376\377\0007\000.\0004\000.\0001\000.\0001\000\040\000i\000n\000i\000t\000i\000a\000l\000\137\000c\000o\000n\000f\000i\000g\000u\000r\000a\000t\000i\000o\000n\000\050\000\051}{subsection.7.4.1}% 15
\BOOKMARK [1][-]{section.7.5}{\376\377\0007\000.\0005\000\040\000I\000n\000p\000u\000t\000\040\000C\000l\000a\000s\000s\000\040\000R\000e\000f\000e\000r\000e\000n\000c\000e}{chapter.7}% 16
\BOOKMARK [2][-]{subsection.7.5.1}{\376\377\0007\000.\0005\000.\0001\000\040\000D\000e\000t\000a\000i\000l\000e\000d\000\040\000D\000e\000s\000c\000r\000i\000p\000t\000i\000o\000n}{section.7.5}% 17
\BOOKMARK [2][-]{subsection.7.5.2}{\376\377\0007\000.\0005\000.\0002\000\040\000M\000e\000m\000b\000e\000r\000\040\000F\000u\000n\000c\000t\000i\000o\000n\000\040\000D\000o\000c\000u\000m\000e\000n\000t\000a\000t\000i\000o\000n}{section.7.5}% 18
\BOOKMARK [3][-]{subsubsection.7.5.2.1}{\376\377\0007\000.\0005\000.\0002\000.\0001\000\040\000l\000o\000a\000d\000\137\000m\000a\000t\000r\000i\000x\000\050\000\051}{subsection.7.5.2}% 19
\BOOKMARK [3][-]{subsubsection.7.5.2.2}{\376\377\0007\000.\0005\000.\0002\000.\0002\000\040\000p\000a\000r\000s\000e\000\137\000d\000o\000u\000b\000l\000e\000\137\000d\000e\000l\000i\000m\000i\000t\000e\000r\000\050\000\051}{subsection.7.5.2}% 20
\BOOKMARK [3][-]{subsubsection.7.5.2.3}{\376\377\0007\000.\0005\000.\0002\000.\0003\000\040\000p\000a\000r\000s\000e\000\137\000l\000i\000n\000e\000\050\000\051}{subsection.7.5.2}% 21
\BOOKMARK [3][-]{subsubsection.7.5.2.4}{\376\377\0007\000.\0005\000.\0002\000.\0004\000\040\000s\000k\000i\000p\000\137\000l\000i\000n\000e\000s\000\050\000\051}{subsection.7.5.2}% 22
\BOOKMARK [1][-]{section.7.6}{\376\377\0007\000.\0006\000\040\000N\000a\000n\000o\000d\000i\000s\000c\000\040\000C\000l\000a\000s\000s\000\040\000R\000e\000f\000e\000r\000e\000n\000c\000e}{chapter.7}% 23
\BOOKMARK [2][-]{subsection.7.6.1}{\376\377\0007\000.\0006\000.\0001\000\040\000C\000o\000n\000s\000t\000r\000u\000c\000t\000o\000r\000\040\000\046\000\040\000D\000e\000s\000t\000r\000u\000c\000t\000o\000r\000\040\000D\000o\000c\000u\000m\000e\000n\000t\000a\000t\000i\000o\000n}{section.7.6}% 24
\BOOKMARK [3][-]{subsubsection.7.6.1.1}{\376\377\0007\000.\0006\000.\0001\000.\0001\000\040\000N\000a\000n\000o\000d\000i\000s\000c\000\050\000\051}{subsection.7.6.1}% 25
\BOOKMARK [3][-]{subsubsection.7.6.1.2}{\376\377\0007\000.\0006\000.\0001\000.\0002\000\040\000\040\000N\000a\000n\000o\000d\000i\000s\000c\000\050\000\051}{subsection.7.6.1}% 26
\BOOKMARK [2][-]{subsection.7.6.2}{\376\377\0007\000.\0006\000.\0002\000\040\000M\000e\000m\000b\000e\000r\000\040\000F\000u\000n\000c\000t\000i\000o\000n\000\040\000D\000o\000c\000u\000m\000e\000n\000t\000a\000t\000i\000o\000n}{section.7.6}% 27
\BOOKMARK [3][-]{subsubsection.7.6.2.1}{\376\377\0007\000.\0006\000.\0002\000.\0001\000\040\000g\000e\000t\000\137\000a\000l\000p\000h\000a\000\050\000\051}{subsection.7.6.2}% 28
\BOOKMARK [3][-]{subsubsection.7.6.2.2}{\376\377\0007\000.\0006\000.\0002\000.\0002\000\040\000g\000e\000t\000\137\000c\000v\000p\000r\000o\000t\000e\000i\000n\000\050\000\051}{subsection.7.6.2}% 29
\BOOKMARK [3][-]{subsubsection.7.6.2.3}{\376\377\0007\000.\0006\000.\0002\000.\0003\000\040\000g\000e\000t\000\137\000h\000a\000r\000m\000o\000n\000i\000c\000s\000\137\000o\000r\000d\000e\000r\000\050\000\051}{subsection.7.6.2}% 30
\BOOKMARK [3][-]{subsubsection.7.6.2.4}{\376\377\0007\000.\0006\000.\0002\000.\0004\000\040\000g\000e\000t\000\137\000h\000c\000o\000r\000e\000\050\000\051}{subsection.7.6.2}% 31
\BOOKMARK [3][-]{subsubsection.7.6.2.5}{\376\377\0007\000.\0006\000.\0002\000.\0005\000\040\000g\000e\000t\000\137\000h\000l\000i\000p\000i\000d\000\050\000\051}{subsection.7.6.2}% 32
\BOOKMARK [3][-]{subsubsection.7.6.2.6}{\376\377\0007\000.\0006\000.\0002\000.\0006\000\040\000g\000e\000t\000\137\000h\000m\000e\000t\000h\000y\000l\000\050\000\051}{subsection.7.6.2}% 33
\BOOKMARK [3][-]{subsubsection.7.6.2.7}{\376\377\0007\000.\0006\000.\0002\000.\0007\000\040\000g\000e\000t\000\137\000r\000a\000d\000i\000u\000s\000\137\000m\000a\000j\000o\000r\000\050\000\051}{subsection.7.6.2}% 34
\BOOKMARK [3][-]{subsubsection.7.6.2.8}{\376\377\0007\000.\0006\000.\0002\000.\0008\000\040\000g\000e\000t\000\137\000r\000a\000d\000i\000u\000s\000\137\000m\000i\000n\000o\000r\000\050\000\051}{subsection.7.6.2}% 35
\BOOKMARK [3][-]{subsubsection.7.6.2.9}{\376\377\0007\000.\0006\000.\0002\000.\0009\000\040\000g\000e\000t\000\137\000r\000h\000o\000\137\000a\000l\000k\000y\000l\000\050\000\051}{subsection.7.6.2}% 36
\BOOKMARK [3][-]{subsubsection.7.6.2.10}{\376\377\0007\000.\0006\000.\0002\000.\0001\0000\000\040\000g\000e\000t\000\137\000r\000h\000o\000\137\000h\000e\000a\000d\000\050\000\051}{subsection.7.6.2}% 37
\BOOKMARK [3][-]{subsubsection.7.6.2.11}{\376\377\0007\000.\0006\000.\0002\000.\0001\0001\000\040\000g\000e\000t\000\137\000r\000h\000o\000\137\000m\000e\000t\000h\000y\000l\000\050\000\051}{subsection.7.6.2}% 38
\BOOKMARK [3][-]{subsubsection.7.6.2.12}{\376\377\0007\000.\0006\000.\0002\000.\0001\0002\000\040\000g\000e\000t\000\137\000r\000h\000o\000\137\000s\000o\000l\000v\000e\000n\000t\000\050\000\051}{subsection.7.6.2}% 39
\BOOKMARK [3][-]{subsubsection.7.6.2.13}{\376\377\0007\000.\0006\000.\0002\000.\0001\0003\000\040\000g\000e\000t\000\137\000s\000c\000a\000l\000e\000\137\000e\000n\000d\000c\000a\000p\000s\000\050\000\051}{subsection.7.6.2}% 40
\BOOKMARK [3][-]{subsubsection.7.6.2.14}{\376\377\0007\000.\0006\000.\0002\000.\0001\0004\000\040\000g\000e\000t\000\137\000v\000e\000r\000t\000i\000c\000a\000l\000\137\000a\000x\000i\000s\000\137\000e\000l\000l\000i\000p\000s\000o\000i\000d\000\050\000\051}{subsection.7.6.2}% 41
\BOOKMARK [3][-]{subsubsection.7.6.2.15}{\376\377\0007\000.\0006\000.\0002\000.\0001\0005\000\040\000g\000e\000t\000\137\000x\000r\000o\000u\000g\000h\000\050\000\051}{subsection.7.6.2}% 42
\BOOKMARK [3][-]{subsubsection.7.6.2.16}{\376\377\0007\000.\0006\000.\0002\000.\0001\0006\000\040\000l\000o\000a\000d\000\137\000i\000n\000p\000u\000t\000\050\000\051}{subsection.7.6.2}% 43
\BOOKMARK [3][-]{subsubsection.7.6.2.17}{\376\377\0007\000.\0006\000.\0002\000.\0001\0007\000\040\000n\000a\000n\000o\000d\000i\000s\000c\000\137\000f\000o\000r\000m\000\137\000f\000a\000c\000t\000o\000r\000\050\000\051}{subsection.7.6.2}% 44
\BOOKMARK [1][-]{section.7.7}{\376\377\0007\000.\0007\000\040\000R\000a\000n\000d\000o\000m\000N\000u\000m\000b\000e\000r\000s\000\040\000C\000l\000a\000s\000s\000\040\000R\000e\000f\000e\000r\000e\000n\000c\000e}{chapter.7}% 45
\BOOKMARK [2][-]{subsection.7.7.1}{\376\377\0007\000.\0007\000.\0001\000\040\000C\000o\000n\000s\000t\000r\000u\000c\000t\000o\000r\000\040\000\046\000\040\000D\000e\000s\000t\000r\000u\000c\000t\000o\000r\000\040\000D\000o\000c\000u\000m\000e\000n\000t\000a\000t\000i\000o\000n}{section.7.7}% 46
\BOOKMARK [3][-]{subsubsection.7.7.1.1}{\376\377\0007\000.\0007\000.\0001\000.\0001\000\040\000R\000a\000n\000d\000o\000m\000N\000u\000m\000b\000e\000r\000s\000\050\000\051}{subsection.7.7.1}% 47
\BOOKMARK [3][-]{subsubsection.7.7.1.2}{\376\377\0007\000.\0007\000.\0001\000.\0002\000\040\000\040\000R\000a\000n\000d\000o\000m\000N\000u\000m\000b\000e\000r\000s\000\050\000\051}{subsection.7.7.1}% 48
\BOOKMARK [2][-]{subsection.7.7.2}{\376\377\0007\000.\0007\000.\0002\000\040\000M\000e\000m\000b\000e\000r\000\040\000F\000u\000n\000c\000t\000i\000o\000n\000\040\000D\000o\000c\000u\000m\000e\000n\000t\000a\000t\000i\000o\000n}{section.7.7}% 49
\BOOKMARK [3][-]{subsubsection.7.7.2.1}{\376\377\0007\000.\0007\000.\0002\000.\0001\000\040\000g\000a\000u\000s\000s\000i\000a\000n\000\050\000\051}{subsection.7.7.2}% 50
\BOOKMARK [3][-]{subsubsection.7.7.2.2}{\376\377\0007\000.\0007\000.\0002\000.\0002\000\040\000i\000n\000\137\000r\000a\000n\000g\000e\000\050\000\051}{subsection.7.7.2}% 51
\BOOKMARK [3][-]{subsubsection.7.7.2.3}{\376\377\0007\000.\0007\000.\0002\000.\0003\000\040\000i\000n\000\137\000r\000a\000n\000g\000e\0002\000\050\000\051}{subsection.7.7.2}% 52
\BOOKMARK [3][-]{subsubsection.7.7.2.4}{\376\377\0007\000.\0007\000.\0002\000.\0004\000\040\000u\000n\000i\000f\000o\000r\000m\000\050\000\051}{subsection.7.7.2}% 53
\BOOKMARK [0][-]{section*.24}{\376\377\000I\000n\000d\000e\000x}{}% 54
